<?xml version="1.0" encoding="UTF-8"?>
<!-- Generated by org.testng.reporters.JUnitXMLReporter -->
<testsuite ignored="0" hostname="SOURISH-PC" failures="0" tests="4" name="E2ETest" time="49.39" errors="0" timestamp="2025-06-20T13:59:55 IST">
  <testcase classname="sourishBakshiFrameworkAuto.tests.StandAloneTestScenarioE2ETest" name="submitOrder" time="10.121"/>
  <testcase classname="sourishBakshiFrameworkAuto.tests.StandAloneTestScenarioE2ETest" name="submitOrder" time="13.489"/>
  <testcase classname="sourishBakshiFrameworkAuto.tests.StandAloneTestScenarioE2ETest" name="orderHistoryTest" time="1.319"/>
  <testcase classname="sourishBakshiFrameworkAuto.tests.StandAloneTestScenarioE2ETest" name="orderHistoryTest" time="1.284"/>
</testsuite> <!-- E2ETest -->
