<?xml version="1.0" encoding="UTF-8"?>
<!-- Generated by org.testng.reporters.JUnitXMLReporter -->
<testsuite ignored="2" hostname="SOURISH-PC" failures="0" tests="0" time="0.033" errors="0" timestamp="2025-06-23T17:11:03 IST">
  <testcase classname="sourishBakshiFrameworkAuto.tests.StandAloneTestScenarioE2ETest" name="orderHistoryTest" time="0.0">
    <ignored/>
  </testcase> <!-- orderHistoryTest -->
  <testcase classname="sourishBakshiFrameworkAuto.tests.StandAloneTestScenarioE2ETest" name="submitOrder" time="0.0">
    <ignored/>
  </testcase> <!-- submitOrder -->
</testsuite>
