<?xml version="1.0" encoding="UTF-8"?>
<!-- Generated by org.testng.reporters.JUnitXMLReporter -->
<testsuite ignored="1" hostname="SOURISH-PC" failures="0" tests="1" name="ErrorValidation" time="8.697" errors="0" timestamp="2025-06-23T17:11:11 IST">
  <testcase classname="sourishBakshiFrameworkAuto.tests.ErrorMessageValidationTest" name="errorValidation" time="1.458"/>
  <testcase classname="sourishBakshiFrameworkAuto.tests.ErrorMessageValidationTest" name="verifyMismatchedProduct" time="0.0">
    <ignored/>
  </testcase> <!-- verifyMismatchedProduct -->
</testsuite> <!-- ErrorValidation -->
